<?xml version="1.0" encoding="UTF-8"?>
<!-- Generated by org.testng.reporters.JUnitXMLReporter -->
<testsuite ignored="0" hostname="NonOpsDev87" failures="0" tests="2" name="LPS Admin - Adhoc ChangeCustomer" time="30.602" errors="0" timestamp="2025-01-07T00:34:36 PKT">
  <testcase classname="GTZTransportation.gtz.LPS_Admin_AdhocChangeCustomerTest" name="LPS_Admin_Adhoc_ChangeCustomer_Tests" time="13.35">
    <skipped/>
  </testcase> <!-- LPS_Admin_Adhoc_ChangeCustomer_Tests -->
  <testcase classname="GTZTransportation.gtz.LPS_Admin_AdhocChangeCustomerTest" name="LPS_Admin_Adhoc_ChangeCustomer_Tests" time="12.926"/>
</testsuite> <!-- LPS Admin - Adhoc ChangeCustomer -->
