<?xml version="1.0" encoding="UTF-8"?>
<!-- Generated by org.testng.reporters.JUnitXMLReporter -->
<testsuite ignored="0" hostname="NonOpsDev87" failures="0" tests="1" name="LPS AccountManagement - OptimizationDetails-CustomerAccount" time="19.073" errors="0" timestamp="2025-01-28T20:31:44 PKT">
  <testcase classname="GTZTransportation.gtz.LPS_OptEvent_CustomerAccountTest" name="LPS_AccountManagement_Tests" time="13.632"/>
</testsuite> <!-- LPS AccountManagement - OptimizationDetails-CustomerAccount -->
