<?xml version="1.0" encoding="UTF-8"?>
<!-- Generated by org.testng.reporters.JUnitXMLReporter -->
<testsuite ignored="0" hostname="NonOpsDev87" failures="0" tests="2" name="LPS Report - Quick Report" time="124.783" errors="0" timestamp="2025-04-21T19:54:07 PKT">
  <testcase classname="GTZTransportation.gtz.LPS_QuickReportTest" name="LPS_QuickReport_Tests" time="91.691">
    <skipped/>
  </testcase> <!-- LPS_QuickReport_Tests -->
  <testcase classname="GTZTransportation.gtz.LPS_QuickReportTest" name="LPS_QuickReport_Tests" time="29.567"/>
</testsuite> <!-- LPS Report - Quick Report -->
