<?xml version="1.0" encoding="UTF-8"?>
<!-- Generated by org.testng.reporters.JUnitXMLReporter -->
<testsuite ignored="0" hostname="NonOpsDev87" failures="0" tests="1" name="Retry - GTZTransportation.gtz.LPSCustomer_Carrier_CarrierImportTest.CustomerCarriers_CarrierImport_tests" time="10.701" errors="0" timestamp="2025-01-25T00:27:06 PKT">
  <testcase classname="GTZTransportation.gtz.LPSCustomer_Carrier_CarrierImportTest" name="CustomerCarriers_CarrierImport_tests" time="6.056"/>
</testsuite> <!-- Retry - GTZTransportation.gtz.LPSCustomer_Carrier_CarrierImportTest.CustomerCarriers_CarrierImport_tests -->
