<?xml version="1.0" encoding="UTF-8"?>
<!-- Generated by org.testng.reporters.JUnitXMLReporter -->
<testsuite ignored="0" hostname="NonOpsDev87" failures="0" tests="1" name="Retry - GTZTransportation.gtz.LPSCustomer_Carrier_ProspectQueueTest.CustomerCarriers_CustomerList_ProspectQueue_tests" time="36.884" errors="0" timestamp="2025-04-28T21:16:29 PKT">
  <testcase classname="GTZTransportation.gtz.LPSCustomer_Carrier_ProspectQueueTest" name="CustomerCarriers_CustomerList_ProspectQueue_tests" time="33.924"/>
</testsuite> <!-- Retry - GTZTransportation.gtz.LPSCustomer_Carrier_ProspectQueueTest.CustomerCarriers_CustomerList_ProspectQueue_tests -->
