<?xml version="1.0" encoding="UTF-8"?>
<!-- Generated by org.testng.reporters.JUnitXMLReporter -->
<testsuite ignored="0" hostname="NonOpsDev87" failures="0" tests="1" name="Retry - GTZTransportation.gtz.Create_V22_LPSDirectLoad_AwardTest.spotQuote_V22_LPSDirect_Tests" time="84.701" errors="0" timestamp="2025-03-20T18:07:52 PKT">
  <testcase classname="GTZTransportation.gtz.Create_V22_LPSDirectLoad_AwardTest" name="spotQuote_V22_LPSDirect_Tests" time="81.828"/>
</testsuite> <!-- Retry - GTZTransportation.gtz.Create_V22_LPSDirectLoad_AwardTest.spotQuote_V22_LPSDirect_Tests -->
