<?xml version="1.0" encoding="UTF-8"?>
<!-- Generated by org.testng.reporters.JUnitXMLReporter -->
<testsuite ignored="0" hostname="NonOpsDev87" failures="0" tests="1" name="Retry - GTZTransportation.gtz.CreateBOL_FindRatesParcelTest.FindRatesParcel_BOL_Creation_Tests" time="52.507" errors="0" timestamp="2025-01-25T00:23:50 PKT">
  <testcase classname="GTZTransportation.gtz.CreateBOL_FindRatesParcelTest" name="FindRatesParcel_BOL_Creation_Tests" time="47.887"/>
</testsuite> <!-- Retry - GTZTransportation.gtz.CreateBOL_FindRatesParcelTest.FindRatesParcel_BOL_Creation_Tests -->
