<?xml version="1.0" encoding="UTF-8"?>
<!-- Generated by org.testng.reporters.JUnitXMLReporter -->
<testsuite ignored="0" hostname="NonOpsDev87" failures="0" tests="1" name="Retry - GTZTransportation.gtz.KSXAdmin_ManageShipmentTest.KSXAdmin_ManageShipment_Tests" time="73.622" errors="0" timestamp="2025-05-02T18:30:01 PKT">
  <testcase classname="GTZTransportation.gtz.KSXAdmin_ManageShipmentTest" name="KSXAdmin_ManageShipment_Tests" time="69.788"/>
</testsuite> <!-- Retry - GTZTransportation.gtz.KSXAdmin_ManageShipmentTest.KSXAdmin_ManageShipment_Tests -->
