<?xml version="1.0" encoding="UTF-8"?>
<!-- Generated by org.testng.reporters.JUnitXMLReporter -->
<testsuite ignored="0" hostname="NonOpsDev87" failures="0" tests="1" name="Retry - GTZTransportation.gtz.LPS_Admin_AdhocResetPassTest.LPS_Admin_Adhoc_ResetPass_Tests" time="18.355" errors="0" timestamp="2025-01-25T00:33:56 PKT">
  <testcase classname="GTZTransportation.gtz.LPS_Admin_AdhocResetPassTest" name="LPS_Admin_Adhoc_ResetPass_Tests" time="13.386"/>
</testsuite> <!-- Retry - GTZTransportation.gtz.LPS_Admin_AdhocResetPassTest.LPS_Admin_Adhoc_ResetPass_Tests -->
