<?xml version="1.0" encoding="UTF-8"?>
<!-- Generated by org.testng.reporters.JUnitXMLReporter -->
<testsuite ignored="0" hostname="NonOpsDev87" failures="0" tests="1" name="Retry - GTZTransportation.gtz.CreateBOL_FindRatesTest.FindRates_BOL_Creation_Tests" time="47.443" errors="0" timestamp="2025-01-28T20:58:39 PKT">
  <testcase classname="GTZTransportation.gtz.CreateBOL_FindRatesTest" name="FindRates_BOL_Creation_Tests" time="43.773"/>
</testsuite> <!-- Retry - GTZTransportation.gtz.CreateBOL_FindRatesTest.FindRates_BOL_Creation_Tests -->
