<?xml version="1.0" encoding="UTF-8"?>
<!-- Generated by org.testng.reporters.JUnitXMLReporter -->
<testsuite ignored="0" hostname="NonOpsDev87" failures="0" tests="1" name="Retry - GTZTransportation.gtz.LPS_Admin_AdhocAssignCarrierTest.LPS_Admin_Adhoc_AssignCarrier_Tests" time="18.521" errors="0" timestamp="2025-01-25T00:35:05 PKT">
  <testcase classname="GTZTransportation.gtz.LPS_Admin_AdhocAssignCarrierTest" name="LPS_Admin_Adhoc_AssignCarrier_Tests" time="13.6"/>
</testsuite> <!-- Retry - GTZTransportation.gtz.LPS_Admin_AdhocAssignCarrierTest.LPS_Admin_Adhoc_AssignCarrier_Tests -->
