<?xml version="1.0" encoding="UTF-8"?>
<!-- Generated by org.testng.reporters.JUnitXMLReporter -->
<testsuite ignored="0" hostname="NonOpsDev87" failures="0" tests="1" name="Retry - GTZTransportation.gtz.KeyRevenue_ReportsTest.KeyRevenue_Report_tests" time="159.863" errors="0" timestamp="2025-02-07T21:23:41 PKT">
  <testcase classname="GTZTransportation.gtz.KeyRevenue_ReportsTest" name="KeyRevenue_Report_tests" time="155.167"/>
</testsuite> <!-- Retry - GTZTransportation.gtz.KeyRevenue_ReportsTest.KeyRevenue_Report_tests -->
