<?xml version="1.0" encoding="UTF-8"?>
<!-- Generated by org.testng.reporters.JUnitXMLReporter -->
<testsuite ignored="0" hostname="NonOpsDev87" failures="0" tests="2" name="Retry - GTZTransportation.gtz.LPS_Admin_AdhocChangeCustomerTest.LPS_Admin_Adhoc_ChangeCustomer_Tests" time="32.066" errors="0" timestamp="2025-01-25T00:34:28 PKT">
  <testcase classname="GTZTransportation.gtz.LPS_Admin_AdhocChangeCustomerTest" name="LPS_Admin_Adhoc_ChangeCustomer_Tests" time="13.362">
    <skipped/>
  </testcase> <!-- LPS_Admin_Adhoc_ChangeCustomer_Tests -->
  <testcase classname="GTZTransportation.gtz.LPS_Admin_AdhocChangeCustomerTest" name="LPS_Admin_Adhoc_ChangeCustomer_Tests" time="13.093"/>
</testsuite> <!-- Retry - GTZTransportation.gtz.LPS_Admin_AdhocChangeCustomerTest.LPS_Admin_Adhoc_ChangeCustomer_Tests -->
