<?xml version="1.0" encoding="UTF-8"?>
<!-- Generated by org.testng.reporters.JUnitXMLReporter -->
<testsuite ignored="0" hostname="NonOpsDev87" failures="0" tests="1" name="Retry - GTZTransportation.gtz.LPS_Dashboard_All_ReportsTest.LPS_Dashboard_Reports_Tests" time="85.45" errors="0" timestamp="2025-01-25T00:45:45 PKT">
  <testcase classname="GTZTransportation.gtz.LPS_Dashboard_All_ReportsTest" name="LPS_Dashboard_Reports_Tests" time="80.132"/>
</testsuite> <!-- Retry - GTZTransportation.gtz.LPS_Dashboard_All_ReportsTest.LPS_Dashboard_Reports_Tests -->
