<?xml version="1.0" encoding="UTF-8"?>
<!-- Generated by org.testng.reporters.JUnitXMLReporter -->
<testsuite ignored="0" hostname="NonOpsDev87" failures="0" tests="1" name="Retry - GTZTransportation.gtz.CreateBOL_FindRates_CustomerRouted_Test.FindRates_BOL_Creation_CustomerRouted_Tests" time="55.677" errors="0" timestamp="2025-01-27T17:47:24 PKT">
  <testcase classname="GTZTransportation.gtz.CreateBOL_FindRates_CustomerRouted_Test" name="FindRates_BOL_Creation_CustomerRouted_Tests" time="50.972"/>
</testsuite> <!-- Retry - GTZTransportation.gtz.CreateBOL_FindRates_CustomerRouted_Test.FindRates_BOL_Creation_CustomerRouted_Tests -->
