<?xml version="1.0" encoding="UTF-8"?>
<!-- Generated by org.testng.reporters.JUnitXMLReporter -->
<testsuite ignored="0" hostname="NonOpsDev87" failures="0" tests="1" name="Retry - GTZTransportation.gtz.LPS_AccountManager_AddressbookTest.LPS_AccountManagement_Addresses_Tests" time="28.18" errors="0" timestamp="2025-01-25T00:31:21 PKT">
  <testcase classname="GTZTransportation.gtz.LPS_AccountManager_AddressbookTest" name="LPS_AccountManagement_Addresses_Tests" time="22.206"/>
</testsuite> <!-- Retry - GTZTransportation.gtz.LPS_AccountManager_AddressbookTest.LPS_AccountManagement_Addresses_Tests -->
