<?xml version="1.0" encoding="UTF-8"?>
<!-- Generated by org.testng.reporters.JUnitXMLReporter -->
<testsuite ignored="0" hostname="NonOpsDev87" failures="0" tests="1" name="Retry - GTZTransportation.gtz.FreightPayment_GTZ_Links_Test.FreightPayment_GTZ_Links_tests" time="23.649" errors="0" timestamp="2025-01-25T00:30:22 PKT">
  <testcase classname="GTZTransportation.gtz.FreightPayment_GTZ_Links_Test" name="FreightPayment_GTZ_Links_tests" time="18.715"/>
</testsuite> <!-- Retry - GTZTransportation.gtz.FreightPayment_GTZ_Links_Test.FreightPayment_GTZ_Links_tests -->
