<?xml version="1.0" encoding="UTF-8"?>
<!-- Generated by org.testng.reporters.JUnitXMLReporter -->
<testsuite ignored="0" hostname="NonOpsDev87" failures="0" tests="1" name="Retry - GTZTransportation.gtz.LPS_Admin_Adhoc_AddBatch_Test.LPS_Admin_Adhoc_AddBatch_Tests" time="17.449" errors="0" timestamp="2025-03-19T16:58:15 PKT">
  <testcase classname="GTZTransportation.gtz.LPS_Admin_Adhoc_AddBatch_Test" name="LPS_Admin_Adhoc_AddBatch_Tests" time="13.586"/>
</testsuite> <!-- Retry - GTZTransportation.gtz.LPS_Admin_Adhoc_AddBatch_Test.LPS_Admin_Adhoc_AddBatch_Tests -->
