<?xml version="1.0" encoding="UTF-8"?>
<!-- Generated by org.testng.reporters.JUnitXMLReporter -->
<testsuite ignored="0" hostname="NonOpsDev87" failures="0" tests="1" name="Retry - GTZTransportation.gtz.KeyRevenue_InvoicegeneralTest.KeyRevenue_InvoiceGeneral_tests" time="37.634" errors="0" timestamp="2025-01-27T17:50:31 PKT">
  <testcase classname="GTZTransportation.gtz.KeyRevenue_InvoicegeneralTest" name="KeyRevenue_InvoiceGeneral_tests" time="31.11"/>
</testsuite> <!-- Retry - GTZTransportation.gtz.KeyRevenue_InvoicegeneralTest.KeyRevenue_InvoiceGeneral_tests -->
