<?xml version="1.0" encoding="UTF-8"?>
<!-- Generated by org.testng.reporters.JUnitXMLReporter -->
<testsuite ignored="0" hostname="NonOpsDev87" failures="0" tests="1" name="Retry - GTZTransportation.gtz.KeyRevenue_InvoiceTest.KeyRevenue_Invoice_tests" time="17.83" errors="0" timestamp="2025-04-28T21:16:47 PKT">
  <testcase classname="GTZTransportation.gtz.KeyRevenue_InvoiceTest" name="KeyRevenue_Invoice_tests" time="14.834"/>
</testsuite> <!-- Retry - GTZTransportation.gtz.KeyRevenue_InvoiceTest.KeyRevenue_Invoice_tests -->
