<?xml version="1.0" encoding="UTF-8"?>
<!-- Generated by org.testng.reporters.JUnitXMLReporter -->
<testsuite ignored="0" hostname="NonOpsDev87" failures="1" tests="4" name="Retry - GTZTransportation.gtz.LPS_AccountManager_AddressbookTest.LPS_AccountManagement_Addresses_Tests" time="51.681" errors="0" timestamp="2025-02-19T20:59:48 PKT">
  <testcase classname="GTZTransportation.gtz.LPS_AccountManager_AddressbookTest" name="LPS_AccountManagement_Addresses_Tests" time="18.682">
    <skipped/>
  </testcase> <!-- LPS_AccountManagement_Addresses_Tests -->
  <testcase classname="GTZTransportation.gtz.LPS_AccountManager_AddressbookTest" name="LPS_AccountManagement_Addresses_Tests" time="9.706">
    <skipped/>
  </testcase> <!-- LPS_AccountManagement_Addresses_Tests -->
  <testcase classname="GTZTransportation.gtz.LPS_AccountManager_AddressbookTest" name="LPS_AccountManagement_Addresses_Tests" time="9.488">
    <skipped/>
  </testcase> <!-- LPS_AccountManagement_Addresses_Tests -->
  <testcase classname="GTZTransportation.gtz.LPS_AccountManager_AddressbookTest" name="LPS_AccountManagement_Addresses_Tests" time="9.635">
    <failure type="org.openqa.selenium.ElementNotInteractableException" message="element not interactable
  (Session info: chrome=133.0.6943.100)
Build info: version: &amp;apos;4.18.1&amp;apos;, revision: &amp;apos;b1d3319b48&amp;apos;
System info: os.name: &amp;apos;Windows 11&amp;apos;, os.arch: &amp;apos;amd64&amp;apos;, os.version: &amp;apos;10.0&amp;apos;, java.version: &amp;apos;21.0.2&amp;apos;
Driver info: org.openqa.selenium.chrome.ChromeDriver
Command: [048b4b4a0b4def9404f6ede1aa69131a, clickElement {id=f.96EBD8009059B8E86E183DD2863A434A.d.106D22671B14E151A2C8B0EB944F2B55.e.395}]
Capabilities {acceptInsecureCerts: false, browserName: chrome, browserVersion: 133.0.6943.100, chrome: {chromedriverVersion: 133.0.6943.126 (cffa127ce7b..., userDataDir: C:\Users\LOCAL_~4.TAR\Temp\...}, fedcm:accounts: true, goog:chromeOptions: {debuggerAddress: localhost:55422}, networkConnectionEnabled: false, pageLoadStrategy: normal, platformName: windows, proxy: Proxy(), se:cdp: ws://localhost:55422/devtoo..., se:cdpVersion: 133.0.6943.100, setWindowRect: true, strictFileInteractability: false, timeouts: {implicit: 0, pageLoad: 300000, script: 30000}, unhandledPromptBehavior: dismiss and notify, webauthn:extension:credBlob: true, webauthn:extension:largeBlob: true, webauthn:extension:minPinLength: true, webauthn:extension:prf: true, webauthn:virtualAuthenticators: true}
Element: [[ChromeDriver: chrome on windows (048b4b4a0b4def9404f6ede1aa69131a)] -&amp;gt; xpath: //a[@id=&amp;apos;ContentPlaceHolder1_containerFilter_btnExpand&amp;apos;]]
Session ID: 048b4b4a0b4def9404f6ede1aa69131a">
      <![CDATA[org.openqa.selenium.ElementNotInteractableException: element not interactable
  (Session info: chrome=133.0.6943.100)
Build info: version: '4.18.1', revision: 'b1d3319b48'
System info: os.name: 'Windows 11', os.arch: 'amd64', os.version: '10.0', java.version: '21.0.2'
Driver info: org.openqa.selenium.chrome.ChromeDriver
Command: [048b4b4a0b4def9404f6ede1aa69131a, clickElement {id=f.96EBD8009059B8E86E183DD2863A434A.d.106D22671B14E151A2C8B0EB944F2B55.e.395}]
Capabilities {acceptInsecureCerts: false, browserName: chrome, browserVersion: 133.0.6943.100, chrome: {chromedriverVersion: 133.0.6943.126 (cffa127ce7b..., userDataDir: C:\Users\LOCAL_~4.TAR\Temp\...}, fedcm:accounts: true, goog:chromeOptions: {debuggerAddress: localhost:55422}, networkConnectionEnabled: false, pageLoadStrategy: normal, platformName: windows, proxy: Proxy(), se:cdp: ws://localhost:55422/devtoo..., se:cdpVersion: 133.0.6943.100, setWindowRect: true, strictFileInteractability: false, timeouts: {implicit: 0, pageLoad: 300000, script: 30000}, unhandledPromptBehavior: dismiss and notify, webauthn:extension:credBlob: true, webauthn:extension:largeBlob: true, webauthn:extension:minPinLength: true, webauthn:extension:prf: true, webauthn:virtualAuthenticators: true}
Element: [[ChromeDriver: chrome on windows (048b4b4a0b4def9404f6ede1aa69131a)] -> xpath: //a[@id='ContentPlaceHolder1_containerFilter_btnExpand']]
Session ID: 048b4b4a0b4def9404f6ede1aa69131a
at org.openqa.selenium.remote.ErrorCodec.decode(ErrorCodec.java:167)
at org.openqa.selenium.remote.codec.w3c.W3CHttpResponseCodec.decode(W3CHttpResponseCodec.java:138)
at org.openqa.selenium.remote.codec.w3c.W3CHttpResponseCodec.decode(W3CHttpResponseCodec.java:50)
at org.openqa.selenium.remote.HttpCommandExecutor.execute(HttpCommandExecutor.java:190)
at org.openqa.selenium.remote.service.DriverCommandExecutor.invokeExecute(DriverCommandExecutor.java:216)
at org.openqa.selenium.remote.service.DriverCommandExecutor.execute(DriverCommandExecutor.java:174)
at org.openqa.selenium.remote.RemoteWebDriver.execute(RemoteWebDriver.java:519)
at org.openqa.selenium.remote.RemoteWebElement.execute(RemoteWebElement.java:223)
at org.openqa.selenium.remote.RemoteWebElement.click(RemoteWebElement.java:76)
at org.openqa.selenium.support.pagefactory.internal.LocatingElementHandler.invoke(LocatingElementHandler.java:51)
at jdk.proxy2/jdk.proxy2.$Proxy15.click(Unknown Source)
at GTZTransportation.pages.LPS_AccountManager_AddressBook.SearchAddress(LPS_AccountManager_AddressBook.java:69)
at GTZTransportation.gtz.LPS_AccountManager_AddressbookTest.LPS_AccountManagement_Addresses_Tests(LPS_AccountManager_AddressbookTest.java:38)
at java.base/java.util.ArrayList.forEach(ArrayList.java:1596)
at listeners.RetryListener.onFinish(RetryListener.java:42)
... Removed 38 stack frames]]>
    </failure>
  </testcase> <!-- LPS_AccountManagement_Addresses_Tests -->
</testsuite> <!-- Retry - GTZTransportation.gtz.LPS_AccountManager_AddressbookTest.LPS_AccountManagement_Addresses_Tests -->
