<?xml version="1.0" encoding="UTF-8"?>
<!-- Generated by org.testng.reporters.JUnitXMLReporter -->
<testsuite ignored="0" hostname="NonOpsDev87" failures="0" tests="1" name="Retry - GTZTransportation.gtz.CreateLPSDirectMassLoad_AwardTest.spotQuote_LPSDirect_Tests" time="33.609" errors="0" timestamp="2025-04-10T00:31:07 PKT">
  <testcase classname="GTZTransportation.gtz.CreateLPSDirectMassLoad_AwardTest" name="spotQuote_LPSDirect_Tests" time="29.071"/>
</testsuite> <!-- Retry - GTZTransportation.gtz.CreateLPSDirectMassLoad_AwardTest.spotQuote_LPSDirect_Tests -->
