<?xml version="1.0" encoding="UTF-8"?>
<!-- Generated by org.testng.reporters.JUnitXMLReporter -->
<testsuite ignored="0" hostname="NonOpsDev87" failures="0" tests="1" name="Retry - GTZTransportation.gtz.LPS_AccountManager_ActionBillingTest.LPS_AccountManagement_Tests" time="30.892" errors="0" timestamp="2025-01-25T00:30:53 PKT">
  <testcase classname="GTZTransportation.gtz.LPS_AccountManager_ActionBillingTest" name="LPS_AccountManagement_Tests" time="25.97"/>
</testsuite> <!-- Retry - GTZTransportation.gtz.LPS_AccountManager_ActionBillingTest.LPS_AccountManagement_Tests -->
