<?xml version="1.0" encoding="UTF-8"?>
<!-- Generated by org.testng.reporters.JUnitXMLReporter -->
<testsuite ignored="0" hostname="NonOpsDev87" failures="0" tests="1" name="Retry - GTZTransportation.gtz.Orders_PO_SpotQuoteTest.spotQuote_POCreation_Orders_Tests" time="33.09" errors="0" timestamp="2025-01-25T00:43:43 PKT">
  <testcase classname="GTZTransportation.gtz.Orders_PO_SpotQuoteTest" name="spotQuote_POCreation_Orders_Tests" time="27.941"/>
</testsuite> <!-- Retry - GTZTransportation.gtz.Orders_PO_SpotQuoteTest.spotQuote_POCreation_Orders_Tests -->
