<?xml version="1.0" encoding="UTF-8"?>
<!-- Generated by org.testng.reporters.JUnitXMLReporter -->
<testsuite ignored="0" hostname="NonOpsDev87" failures="0" tests="1" name="Retry - GTZTransportation.gtz.CreateDirectLoad_AwardTest.spotQuote_DirectLoad_Tests" time="123.238" errors="0" timestamp="2025-04-03T03:23:26 PKT">
  <testcase classname="GTZTransportation.gtz.CreateDirectLoad_AwardTest" name="spotQuote_DirectLoad_Tests" time="119.068"/>
</testsuite> <!-- Retry - GTZTransportation.gtz.CreateDirectLoad_AwardTest.spotQuote_DirectLoad_Tests -->
