<?xml version="1.0" encoding="UTF-8"?>
<!-- Generated by org.testng.reporters.JUnitXMLReporter -->
<testsuite ignored="0" hostname="NonOpsDev87" failures="0" tests="1" name="Retry - GTZTransportation.gtz.Report1_SpotQuoteTest.spotQuote_Reports_Tests" time="115.611" errors="0" timestamp="2025-02-26T18:04:00 PKT">
  <testcase classname="GTZTransportation.gtz.Report1_SpotQuoteTest" name="spotQuote_Reports_Tests" time="111.828"/>
</testsuite> <!-- Retry - GTZTransportation.gtz.Report1_SpotQuoteTest.spotQuote_Reports_Tests -->
