<?xml version="1.0" encoding="UTF-8"?>
<!-- Generated by org.testng.reporters.JUnitXMLReporter -->
<testsuite ignored="0" hostname="NonOpsDev87" failures="0" tests="1" name="Retry - GTZTransportation.gtz.LPS_Dashboard_DensityCalculatorTest.LPS_Dashboard_DensityCalulator_Tests" time="6.828" errors="0" timestamp="2025-01-22T02:12:11 PKT">
  <testcase classname="GTZTransportation.gtz.LPS_Dashboard_DensityCalculatorTest" name="LPS_Dashboard_DensityCalulator_Tests" time="2.415"/>
</testsuite> <!-- Retry - GTZTransportation.gtz.LPS_Dashboard_DensityCalculatorTest.LPS_Dashboard_DensityCalulator_Tests -->
