<?xml version="1.0" encoding="UTF-8"?>
<!-- Generated by org.testng.reporters.JUnitXMLReporter -->
<testsuite ignored="0" hostname="NonOpsDev87" failures="0" tests="1" name="Retry - GTZTransportation.gtz.FindRatesCarriersTest.FindRates_Carriers_Tests" time="38.474" errors="0" timestamp="2025-01-25T00:21:13 PKT">
  <testcase classname="GTZTransportation.gtz.FindRatesCarriersTest" name="FindRates_Carriers_Tests" time="33.99"/>
</testsuite> <!-- Retry - GTZTransportation.gtz.FindRatesCarriersTest.FindRates_Carriers_Tests -->
