<?xml version="1.0" encoding="UTF-8"?>
<!-- Generated by org.testng.reporters.JUnitXMLReporter -->
<testsuite ignored="0" hostname="NonOpsDev87" failures="0" tests="1" name="Retry - GTZTransportation.gtz.Orders_SpotQuoteTest.spotQuote_Orders_Tests" time="54.429" errors="0" timestamp="2025-01-25T00:43:10 PKT">
  <testcase classname="GTZTransportation.gtz.Orders_SpotQuoteTest" name="spotQuote_Orders_Tests" time="50.243"/>
</testsuite> <!-- Retry - GTZTransportation.gtz.Orders_SpotQuoteTest.spotQuote_Orders_Tests -->
