<?xml version="1.0" encoding="UTF-8"?>
<!-- Generated by org.testng.reporters.JUnitXMLReporter -->
<testsuite ignored="0" hostname="NonOpsDev87" failures="0" tests="1" name="Retry - GTZTransportation.gtz.FreightPayment_ClientAdminTest.FreightPayment_ClientAdmin_tests" time="15.087" errors="0" timestamp="2025-01-25T00:25:12 PKT">
  <testcase classname="GTZTransportation.gtz.FreightPayment_ClientAdminTest" name="FreightPayment_ClientAdmin_tests" time="9.89"/>
</testsuite> <!-- Retry - GTZTransportation.gtz.FreightPayment_ClientAdminTest.FreightPayment_ClientAdmin_tests -->
