<?xml version="1.0" encoding="UTF-8"?>
<!-- Generated by org.testng.reporters.JUnitXMLReporter -->
<testsuite ignored="0" hostname="NonOpsDev87" failures="0" tests="1" name="Retry - GTZTransportation.gtz.CreateLPSDirectMassLoad_AwardTest.spotQuote_LPSDirect_Tests" time="32.183" errors="0" timestamp="2025-04-03T02:17:11 PKT">
  <testcase classname="GTZTransportation.gtz.CreateLPSDirectMassLoad_AwardTest" name="spotQuote_LPSDirect_Tests" time="28.411"/>
</testsuite> <!-- Retry - GTZTransportation.gtz.CreateLPSDirectMassLoad_AwardTest.spotQuote_LPSDirect_Tests -->
