<?xml version="1.0" encoding="UTF-8"?>
<!-- Generated by org.testng.reporters.JUnitXMLReporter -->
<testsuite ignored="0" hostname="NonOpsDev87" failures="0" tests="1" name="Retry - GTZTransportation.gtz.CreateLPSDirectLoad_AwardTest.spotQuote_LPSDirect_Tests" time="80.149" errors="0" timestamp="2025-04-10T00:30:34 PKT">
  <testcase classname="GTZTransportation.gtz.CreateLPSDirectLoad_AwardTest" name="spotQuote_LPSDirect_Tests" time="76.54"/>
</testsuite> <!-- Retry - GTZTransportation.gtz.CreateLPSDirectLoad_AwardTest.spotQuote_LPSDirect_Tests -->
