<?xml version="1.0" encoding="UTF-8"?>
<!-- Generated by org.testng.reporters.JUnitXMLReporter -->
<testsuite ignored="0" hostname="NonOpsDev87" failures="0" tests="1" name="Retry - GTZTransportation.gtz.LPS_Admin_SecurityTest.LPS_Admin_Security_Tests" time="38.536" errors="0" timestamp="2025-01-25T00:32:36 PKT">
  <testcase classname="GTZTransportation.gtz.LPS_Admin_SecurityTest" name="LPS_Admin_Security_Tests" time="34.11"/>
</testsuite> <!-- Retry - GTZTransportation.gtz.LPS_Admin_SecurityTest.LPS_Admin_Security_Tests -->
