<?xml version="1.0" encoding="UTF-8"?>
<!-- Generated by org.testng.reporters.JUnitXMLReporter -->
<testsuite ignored="0" hostname="NonOpsDev87" failures="0" tests="1" name="Retry - GTZTransportation.gtz.CreateBOL_FindRatesTest.FindRates_BOL_Creation_Tests" time="47.802" errors="0" timestamp="2025-02-26T18:02:04 PKT">
  <testcase classname="GTZTransportation.gtz.CreateBOL_FindRatesTest" name="FindRates_BOL_Creation_Tests" time="43.721"/>
</testsuite> <!-- Retry - GTZTransportation.gtz.CreateBOL_FindRatesTest.FindRates_BOL_Creation_Tests -->
