<?xml version="1.0" encoding="UTF-8"?>
<!-- Generated by org.testng.reporters.JUnitXMLReporter -->
<testsuite ignored="0" hostname="NonOpsDev87" failures="0" tests="1" name="Retry - GTZTransportation.gtz.LPS_Dashboard_ReportsTest.LPS_Dashboard_Reports_Tests" time="36.836" errors="0" timestamp="2025-01-25T00:44:20 PKT">
  <testcase classname="GTZTransportation.gtz.LPS_Dashboard_ReportsTest" name="LPS_Dashboard_Reports_Tests" time="31.6"/>
</testsuite> <!-- Retry - GTZTransportation.gtz.LPS_Dashboard_ReportsTest.LPS_Dashboard_Reports_Tests -->
