<?xml version="1.0" encoding="UTF-8"?>
<!-- Generated by org.testng.reporters.JUnitXMLReporter -->
<testsuite ignored="0" hostname="NonOpsDev87" failures="0" tests="1" name="Retry - GTZTransportation.gtz.FreightPayment_CarrierPortalTest.FreightPayment_CarrierPortal_Tests" time="43.142" errors="0" timestamp="2025-01-25T00:29:26 PKT">
  <testcase classname="GTZTransportation.gtz.FreightPayment_CarrierPortalTest" name="FreightPayment_CarrierPortal_Tests" time="38.163"/>
</testsuite> <!-- Retry - GTZTransportation.gtz.FreightPayment_CarrierPortalTest.FreightPayment_CarrierPortal_Tests -->
