<?xml version="1.0" encoding="UTF-8"?>
<!-- Generated by org.testng.reporters.JUnitXMLReporter -->
<testsuite ignored="0" hostname="NonOpsDev87" failures="0" tests="2" name="Retry - GTZTransportation.gtz.LPSCustomer_Carrier_CarrierListTest.CustomerCarriers_CarrierList_tests" time="30.789" errors="0" timestamp="2025-03-12T19:55:08 PKT">
  <testcase classname="GTZTransportation.gtz.LPSCustomer_Carrier_CarrierListTest" name="CustomerCarriers_CarrierList_tests" time="0.013">
    <skipped/>
  </testcase> <!-- CustomerCarriers_CarrierList_tests -->
  <testcase classname="GTZTransportation.gtz.LPSCustomer_Carrier_CarrierListTest" name="CustomerCarriers_CarrierList_tests" time="27.531"/>
</testsuite> <!-- Retry - GTZTransportation.gtz.LPSCustomer_Carrier_CarrierListTest.CustomerCarriers_CarrierList_tests -->
