<?xml version="1.0" encoding="UTF-8"?>
<!-- Generated by org.testng.reporters.JUnitXMLReporter -->
<testsuite ignored="0" hostname="NonOpsDev87" failures="0" tests="1" name="Retry - GTZTransportation.gtz.LPSCustomer_Carrier_CarrierListFiltersTest.CustomerCarriers_CarrierListFilters_tests" time="19.79" errors="0" timestamp="2025-03-12T20:12:00 PKT">
  <testcase classname="GTZTransportation.gtz.LPSCustomer_Carrier_CarrierListFiltersTest" name="CustomerCarriers_CarrierListFilters_tests" time="16.132"/>
</testsuite> <!-- Retry - GTZTransportation.gtz.LPSCustomer_Carrier_CarrierListFiltersTest.CustomerCarriers_CarrierListFilters_tests -->
