<?xml version="1.0" encoding="UTF-8"?>
<!-- Generated by org.testng.reporters.JUnitXMLReporter -->
<testsuite ignored="0" hostname="NonOpsDev87" failures="0" tests="1" name="LPS AccountManagement - OptimizationDetails-CustomerAccount" time="17.086" errors="0" timestamp="2025-03-17T19:58:03 PKT">
  <testcase classname="GTZTransportation.gtz.LPS_OptEvent_CustomerAccountTest" name="LPS_AccountManagement_Tests" time="13.647"/>
</testsuite> <!-- LPS AccountManagement - OptimizationDetails-CustomerAccount -->
