<?xml version="1.0" encoding="UTF-8"?>
<!-- Generated by org.testng.reporters.JUnitXMLReporter -->
<testsuite ignored="0" hostname="NonOpsDev87" failures="0" tests="2" name="LPS Report - Quick Report" time="122.484" errors="0" timestamp="2025-03-17T20:05:18 PKT">
  <testcase classname="GTZTransportation.gtz.LPS_QuickReportTest" name="LPS_QuickReport_Tests" time="80.46">
    <skipped/>
  </testcase> <!-- LPS_QuickReport_Tests -->
  <testcase classname="GTZTransportation.gtz.LPS_QuickReportTest" name="LPS_QuickReport_Tests" time="38.579"/>
</testsuite> <!-- LPS Report - Quick Report -->
