<?xml version="1.0" encoding="UTF-8"?>
<testng-results ignored="0" total="1" passed="1" failed="0" skipped="0">
  <reporter-output>
  </reporter-output>
  <suite started-at="2025-05-02T16:54:42 PKT" name="Default suite" finished-at="2025-05-02T16:55:33 PKT" duration-ms="51172">
    <groups>
      <group name="Regression">
        <method signature="FindRates_InternationalTest.FindRates_InternaltionaRateEstimator_Tests()[pri:1, instance:GTZTransportation.gtz.FindRates_InternationalTest@799f10e1]" name="FindRates_InternaltionaRateEstimator_Tests" class="GTZTransportation.gtz.FindRates_InternationalTest"/>
      </group> <!-- Regression -->
    </groups>
    <test started-at="2025-05-02T16:54:42 PKT" name="Default test" finished-at="2025-05-02T16:55:33 PKT" duration-ms="51172">
      <class name="GTZTransportation.gtz.FindRates_InternationalTest">
        <test-method is-config="true" signature="setup()[pri:0, instance:GTZTransportation.gtz.FindRates_InternationalTest@799f10e1]" started-at="2025-05-02T16:54:42 PKT" name="setup" finished-at="2025-05-02T16:55:13 PKT" duration-ms="31268" status="PASS">
          <reporter-output>
          </reporter-output>
        </test-method> <!-- setup -->
        <test-method signature="FindRates_InternaltionaRateEstimator_Tests()[pri:1, instance:GTZTransportation.gtz.FindRates_InternationalTest@799f10e1]" started-at="2025-05-02T16:55:13 PKT" name="FindRates_InternaltionaRateEstimator_Tests" finished-at="2025-05-02T16:55:33 PKT" duration-ms="19571" status="PASS">
          <reporter-output>
          </reporter-output>
        </test-method> <!-- FindRates_InternaltionaRateEstimator_Tests -->
        <test-method is-config="true" signature="tearDown()[pri:0, instance:GTZTransportation.gtz.FindRates_InternationalTest@799f10e1]" started-at="2025-05-02T16:55:33 PKT" name="tearDown" finished-at="2025-05-02T16:55:33 PKT" duration-ms="297" status="PASS">
          <reporter-output>
          </reporter-output>
        </test-method> <!-- tearDown -->
      </class> <!-- GTZTransportation.gtz.FindRates_InternationalTest -->
    </test> <!-- Default test -->
  </suite> <!-- Default suite -->
</testng-results>
