<?xml version="1.0" encoding="UTF-8"?>
<!-- Generated by org.testng.reporters.JUnitXMLReporter -->
<testsuite ignored="0" hostname="NonOpsDev87" failures="0" tests="1" name="Retry - GTZTransportation.gtz.History_FindRatesTest.FindRates_History_Tests" time="20.61" errors="0" timestamp="2025-03-11T14:29:50 PKT">
  <testcase classname="GTZTransportation.gtz.History_FindRatesTest" name="FindRates_History_Tests" time="17.981"/>
</testsuite> <!-- Retry - GTZTransportation.gtz.History_FindRatesTest.FindRates_History_Tests -->
