<?xml version="1.0" encoding="UTF-8"?>
<!-- Generated by org.testng.reporters.JUnitXMLReporter -->
<testsuite ignored="0" hostname="NonOpsDev87" failures="0" tests="1" name="Retry - GTZTransportation.gtz.Report1_SpotQuoteTest.spotQuote_Reports_Tests" time="118.605" errors="0" timestamp="2025-03-11T15:15:32 PKT">
  <testcase classname="GTZTransportation.gtz.Report1_SpotQuoteTest" name="spotQuote_Reports_Tests" time="115.332"/>
</testsuite> <!-- Retry - GTZTransportation.gtz.Report1_SpotQuoteTest.spotQuote_Reports_Tests -->
