<?xml version="1.0" encoding="UTF-8"?>
<!-- Generated by org.testng.reporters.JUnitXMLReporter -->
<testsuite ignored="0" hostname="NonOpsDev87" failures="0" tests="1" name="Retry - GTZTransportation.gtz.KeyRevenue_ReportsTest.KeyRevenue_Report_tests" time="180.185" errors="0" timestamp="2025-02-05T04:30:37 PKT">
  <testcase classname="GTZTransportation.gtz.KeyRevenue_ReportsTest" name="KeyRevenue_Report_tests" time="175.852"/>
</testsuite> <!-- Retry - GTZTransportation.gtz.KeyRevenue_ReportsTest.KeyRevenue_Report_tests -->
