<?xml version="1.0" encoding="UTF-8"?>
<!-- Generated by org.testng.reporters.JUnitReportReporter -->
<testsuite hostname="NonOpsDev87" failures="0" tests="1" name="GTZTransportation.gtz.EmailTemplate_Admin_SpotQuoteTest" time="13.087" errors="0" timestamp="2024-02-22T22:26:44 GMT+05:00" skipped="0">
  <testcase classname="GTZTransportation.gtz.EmailTemplate_Admin_SpotQuoteTest" name="spotQuote_EmailTemplate_Admin_Tests" time="13.087"/>
  <system-out/>
</testsuite> <!-- GTZTransportation.gtz.EmailTemplate_Admin_SpotQuoteTest -->
