<?xml version="1.0" encoding="UTF-8"?>
<!-- Generated by org.testng.reporters.JUnitXMLReporter -->
<testsuite ignored="0" hostname="NonOpsDev87" failures="0" tests="2" name="LPS Dashboard - Customer Selection" time="9.355" errors="0" timestamp="2025-03-21T03:39:43 PKT">
  <testcase classname="GTZTransportation.gtz.LPS_Dashboard_ChangeCustomerTest" name="LPS_Dashboard_ChangeCustomer_Tests" time="0.013">
    <skipped/>
  </testcase> <!-- LPS_Dashboard_ChangeCustomer_Tests -->
  <testcase classname="GTZTransportation.gtz.LPS_Dashboard_ChangeCustomerTest" name="LPS_Dashboard_ChangeCustomer_Tests" time="6.099"/>
</testsuite> <!-- LPS Dashboard - Customer Selection -->
