<?xml version="1.0" encoding="UTF-8"?>
<!-- Generated by org.testng.reporters.JUnitXMLReporter -->
<testsuite ignored="0" hostname="NonOpsDev87" failures="0" tests="3" name="LPS General" time="36.316" errors="0" timestamp="2025-03-21T03:29:44 PKT">
  <testcase classname="GTZTransportation.gtz.LPS_GeneralTest" name="LPS_General_Tests" time="0.011">
    <skipped/>
  </testcase> <!-- LPS_General_Tests -->
  <testcase classname="GTZTransportation.gtz.LPS_GeneralTest" name="LPS_General_Tests" time="0.007">
    <skipped/>
  </testcase> <!-- LPS_General_Tests -->
  <testcase classname="GTZTransportation.gtz.LPS_GeneralTest" name="LPS_General_Tests" time="32.473"/>
</testsuite> <!-- LPS General -->
