<?xml version="1.0" encoding="UTF-8"?>
<!-- Generated by org.testng.reporters.JUnitXMLReporter -->
<testsuite ignored="0" hostname="NonOpsDev87" failures="0" tests="2" name="LPS_Key Revenue- Customer" time="24.903" errors="0" timestamp="2025-03-21T03:25:57 PKT">
  <testcase classname="GTZTransportation.gtz.KeyRevenue_CustomerTest" name="KeyRevenue_Customer_tests" time="0.012">
    <skipped/>
  </testcase> <!-- KeyRevenue_Customer_tests -->
  <testcase classname="GTZTransportation.gtz.KeyRevenue_CustomerTest" name="KeyRevenue_Customer_tests" time="21.67"/>
</testsuite> <!-- LPS_Key Revenue- Customer -->
